<?xml version="1.0" encoding="UTF-8"?>
<!-- Generated by org.testng.reporters.JUnitReportReporter -->
<testsuite hostname="SDHAPTE01" failures="0" tests="1" name="Day1.LoadAmazon" time="23.466" errors="0" timestamp="2021-11-19T21:09:59 IST" skipped="0">
  <testcase classname="Day1.LoadAmazon" name="f" time="23.466"/>
  <system-out/>
</testsuite> <!-- Day1.LoadAmazon -->
