<?xml version="1.0" encoding="UTF-8"?>
<!-- Generated by org.testng.reporters.JUnitReportReporter -->
<testsuite hostname="SDHAPTE01" failures="0" tests="1" name="Day1.LoadAmazon" time="9.378" errors="0" timestamp="19 Nov 2021 15:55:21 GMT" skipped="0">
  <testcase classname="Day1.LoadAmazon" name="f" time="9.378"/>
</testsuite> <!-- Day1.LoadAmazon -->
